<?xml version="1.0" encoding="UTF-8"?>
<!-- Generated by org.testng.reporters.JUnitXMLReporter -->
<testsuite ignored="0" hostname="ShivRaj" failures="0" tests="4" name="Default test" time="8.247" errors="0" timestamp="2024-10-20T17:22:51 IST">
  <testcase classname="api.testcases.UserTest2" name="testCreateUser" time="3.034"/>
  <testcase classname="api.testcases.UserTest2" name="testGetUserData" time="1.179"/>
  <testcase classname="api.testcases.UserTest2" name="testUpdateUser" time="2.2"/>
  <testcase classname="api.testcases.UserTest2" name="testDeleteUser" time="1.076"/>
</testsuite> <!-- Default test -->
