<?xml version="1.0" encoding="UTF-8"?>
<!-- Generated by org.testng.reporters.JUnitXMLReporter -->
<testsuite ignored="0" hostname="ShivRaj" failures="0" tests="16" name="Test" time="31.545" errors="0" timestamp="2024-10-20T16:41:38 IST">
  <testcase classname="api.testcases.UserTest" name="testCreateUser" time="5.235"/>
  <testcase classname="api.testcases.UserTest" name="testgetUser" time="1.353"/>
  <testcase classname="api.testcases.UserTest" name="testUpdateUser" time="2.777"/>
  <testcase classname="api.testcases.UserTest" name="testdeletUser" time="1.322"/>
  <testcase classname="api.testcases.UserTestTDD" name="testCreateUser" time="1.163"/>
  <testcase classname="api.testcases.UserTestTDD" name="testCreateUser" time="1.233"/>
  <testcase classname="api.testcases.UserTestTDD" name="testCreateUser" time="1.321"/>
  <testcase classname="api.testcases.UserTestTDD" name="testCreateUser" time="1.22"/>
  <testcase classname="api.testcases.UserTestTDD" name="testGetUserData" time="1.055"/>
  <testcase classname="api.testcases.UserTestTDD" name="testGetUserData" time="1.248"/>
  <testcase classname="api.testcases.UserTestTDD" name="testGetUserData" time="1.343"/>
  <testcase classname="api.testcases.UserTestTDD" name="testGetUserData" time="1.123"/>
  <testcase classname="api.testcases.UserTestTDD" name="testDeleteUser" time="1.258"/>
  <testcase classname="api.testcases.UserTestTDD" name="testDeleteUser" time="1.332"/>
  <testcase classname="api.testcases.UserTestTDD" name="testDeleteUser" time="1.337"/>
  <testcase classname="api.testcases.UserTestTDD" name="testDeleteUser" time="1.433"/>
</testsuite> <!-- Test -->
