<?xml version="1.0" encoding="UTF-8"?>
<!-- Generated by org.testng.reporters.JUnitXMLReporter -->
<testsuite ignored="0" hostname="ShivRaj" failures="0" tests="16" name="Test" time="21.358" errors="0" timestamp="2024-10-20T17:47:25 IST">
  <testcase classname="api.testcases.UserTest" name="testCreateUser" time="2.786"/>
  <testcase classname="api.testcases.UserTest" name="testgetUser" time="1.045"/>
  <testcase classname="api.testcases.UserTest" name="testUpdateUser" time="2.029"/>
  <testcase classname="api.testcases.UserTest" name="testdeletUser" time="1.108"/>
  <testcase classname="api.testcases.UserTestTDD" name="testCreateUser" time="1.05"/>
  <testcase classname="api.testcases.UserTestTDD" name="testCreateUser" time="1.004"/>
  <testcase classname="api.testcases.UserTestTDD" name="testCreateUser" time="1.059"/>
  <testcase classname="api.testcases.UserTestTDD" name="testCreateUser" time="1.012"/>
  <testcase classname="api.testcases.UserTestTDD" name="testGetUserData" time="1.008"/>
  <testcase classname="api.testcases.UserTestTDD" name="testGetUserData" time="1.103"/>
  <testcase classname="api.testcases.UserTestTDD" name="testGetUserData" time="1.067"/>
  <testcase classname="api.testcases.UserTestTDD" name="testGetUserData" time="1.117"/>
  <testcase classname="api.testcases.UserTestTDD" name="testDeleteUser" time="1.095"/>
  <testcase classname="api.testcases.UserTestTDD" name="testDeleteUser" time="1.063"/>
  <testcase classname="api.testcases.UserTestTDD" name="testDeleteUser" time="1.047"/>
  <testcase classname="api.testcases.UserTestTDD" name="testDeleteUser" time="1.026"/>
</testsuite> <!-- Test -->
