<?xml version="1.0" encoding="UTF-8"?>
<testsuite xmlns:xsi="http://www.w3.org/2001/XMLSchema-instance" xsi:noNamespaceSchemaLocation="https://maven.apache.org/surefire/maven-surefire-plugin/xsd/surefire-test-report-3.0.xsd" version="3.0" name="TestSuite" time="22.452" tests="16" errors="0" skipped="0" failures="0">
  <properties>
[...]
</properties>
  <testcase name="testCreateUser" classname="api.testcases.UserTest" time="2.796">
    <system-out><![CDATA[On Start method invoked....
[INFO ] 2024-10-20 17:47:04.684 [main] UserTest - User payload generated for testing: audra.gottlieb
Name of test method started:testCreateUser
HTTP/1.1 200 OK
Date: Sun, 20 Oct 2024 12:16:30 GMT
Content-Type: application/json
Transfer-Encoding: chunked
Connection: keep-alive
Access-Control-Allow-Origin: *
Access-Control-Allow-Methods: GET, POST, DELETE, PUT
Access-Control-Allow-Headers: Content-Type, api_key, Authorization
Server: Jetty(9.2.9.v20150224)

{
    "code": 200,
    "type": "unknown",
    "message": "1504321715"
}
200
[INFO ] 2024-10-20 17:47:07.488 [main] UserTest - User created successfully with username: audra.gottlieb
Name of test method sucessfully executed:testCreateUser
]]></system-out>
    <system-err><![CDATA[SLF4J: Failed to load class "org.slf4j.impl.StaticLoggerBinder".
SLF4J: Defaulting to no-operation (NOP) logger implementation
SLF4J: See http://www.slf4j.org/codes.html#StaticLoggerBinder for further details.
]]></system-err>
  </testcase>
  <testcase name="testgetUser" classname="api.testcases.UserTest" time="1.048">
    <system-out><![CDATA[Name of test method started:testgetUser
Read User Data.
HTTP/1.1 200 OK
Date: Sun, 20 Oct 2024 12:16:31 GMT
Content-Type: application/json
Transfer-Encoding: chunked
Connection: keep-alive
Access-Control-Allow-Origin: *
Access-Control-Allow-Methods: GET, POST, DELETE, PUT
Access-Control-Allow-Headers: Content-Type, api_key, Authorization
Server: Jetty(9.2.9.v20150224)

{
    "id": 1504321715,
    "username": "audra.gottlieb",
    "firstName": "Kory",
    "lastName": "Bradtke",
    "email": "annabell.hickle@gmail.com",
    "password": "ayeyaw5p59ap4gt",
    "phone": "638.245.7717",
    "userStatus": 0
}
[INFO ] 2024-10-20 17:47:08.547 [main] UserTest - Fetched user successfully with username: audra.gottlieb
Name of test method sucessfully executed:testgetUser
]]></system-out>
  </testcase>
  <testcase name="testUpdateUser" classname="api.testcases.UserTest" time="2.034">
    <system-out><![CDATA[Name of test method started:testUpdateUser
HTTP/1.1 200 OK
Date: Sun, 20 Oct 2024 12:16:32 GMT
Content-Type: application/json
Transfer-Encoding: chunked
Connection: keep-alive
Access-Control-Allow-Origin: *
Access-Control-Allow-Methods: GET, POST, DELETE, PUT
Access-Control-Allow-Headers: Content-Type, api_key, Authorization
Server: Jetty(9.2.9.v20150224)

{
    "code": 200,
    "type": "unknown",
    "message": "1504321715"
}
audra.gottlieb
After Update User Data.
HTTP/1.1 200 OK
Date: Sun, 20 Oct 2024 12:16:33 GMT
Content-Type: application/json
Transfer-Encoding: chunked
Connection: keep-alive
Access-Control-Allow-Origin: *
Access-Control-Allow-Methods: GET, POST, DELETE, PUT
Access-Control-Allow-Headers: Content-Type, api_key, Authorization
Server: Jetty(9.2.9.v20150224)

{
    "id": 1504321715,
    "username": "audra.gottlieb",
    "firstName": "Kory",
    "lastName": "Bradtke",
    "email": "annabell.hickle@gmail.com",
    "password": "ayeyaw5p59ap4gt",
    "phone": "638.245.7717",
    "userStatus": 0
}
[INFO ] 2024-10-20 17:47:10.576 [main] UserTest - User updated successfully with username: audra.gottlieb
Name of test method sucessfully executed:testUpdateUser
]]></system-out>
  </testcase>
  <testcase name="testdeletUser" classname="api.testcases.UserTest" time="1.115">
    <system-out><![CDATA[Name of test method started:testdeletUser
Read User Data.
HTTP/1.1 200 OK
Date: Sun, 20 Oct 2024 12:16:34 GMT
Content-Type: application/json
Transfer-Encoding: chunked
Connection: keep-alive
Access-Control-Allow-Origin: *
Access-Control-Allow-Methods: GET, POST, DELETE, PUT
Access-Control-Allow-Headers: Content-Type, api_key, Authorization
Server: Jetty(9.2.9.v20150224)

{
    "code": 200,
    "type": "unknown",
    "message": "audra.gottlieb"
}
[INFO ] 2024-10-20 17:47:11.687 [main] UserTest - User deleted successfully with username: audra.gottlieb
Name of test method sucessfully executed:testdeletUser
]]></system-out>
  </testcase>
  <testcase name="testCreateUser[2020, user1, Rita, Gupta, a@gmail.com, test@1, 1234567897](1)" classname="api.testcases.UserTestTDD" time="1.053">
    <system-out><![CDATA[[DEBUG] 2024-10-20 17:47:11.821 [main] PackageRelationshipCollection - Parsing relationship: /xl/_rels/workbook.xml.rels
[DEBUG] 2024-10-20 17:47:11.824 [main] PackageRelationshipCollection - Parsing relationship: /xl/worksheets/_rels/sheet1.xml.rels
[DEBUG] 2024-10-20 17:47:11.825 [main] PackageRelationshipCollection - Parsing relationship: /_rels/.rels
[DEBUG] 2024-10-20 17:47:12.209 [main] PackageRelationshipCollection - Parsing relationship: /xl/_rels/workbook.xml.rels
[DEBUG] 2024-10-20 17:47:12.209 [main] PackageRelationshipCollection - Parsing relationship: /xl/worksheets/_rels/sheet1.xml.rels
[DEBUG] 2024-10-20 17:47:12.211 [main] PackageRelationshipCollection - Parsing relationship: /_rels/.rels
[DEBUG] 2024-10-20 17:47:12.234 [main] PackageRelationshipCollection - Parsing relationship: /xl/_rels/workbook.xml.rels
[DEBUG] 2024-10-20 17:47:12.235 [main] PackageRelationshipCollection - Parsing relationship: /xl/worksheets/_rels/sheet1.xml.rels
[DEBUG] 2024-10-20 17:47:12.236 [main] PackageRelationshipCollection - Parsing relationship: /_rels/.rels
[DEBUG] 2024-10-20 17:47:12.265 [main] PackageRelationshipCollection - Parsing relationship: /xl/_rels/workbook.xml.rels
[DEBUG] 2024-10-20 17:47:12.265 [main] PackageRelationshipCollection - Parsing relationship: /xl/worksheets/_rels/sheet1.xml.rels
[DEBUG] 2024-10-20 17:47:12.266 [main] PackageRelationshipCollection - Parsing relationship: /_rels/.rels
[DEBUG] 2024-10-20 17:47:12.291 [main] PackageRelationshipCollection - Parsing relationship: /xl/_rels/workbook.xml.rels
[DEBUG] 2024-10-20 17:47:12.292 [main] PackageRelationshipCollection - Parsing relationship: /xl/worksheets/_rels/sheet1.xml.rels
[DEBUG] 2024-10-20 17:47:12.293 [main] PackageRelationshipCollection - Parsing relationship: /_rels/.rels
[DEBUG] 2024-10-20 17:47:12.314 [main] PackageRelationshipCollection - Parsing relationship: /xl/_rels/workbook.xml.rels
[DEBUG] 2024-10-20 17:47:12.316 [main] PackageRelationshipCollection - Parsing relationship: /xl/worksheets/_rels/sheet1.xml.rels
[DEBUG] 2024-10-20 17:47:12.317 [main] PackageRelationshipCollection - Parsing relationship: /_rels/.rels
[DEBUG] 2024-10-20 17:47:12.338 [main] PackageRelationshipCollection - Parsing relationship: /xl/_rels/workbook.xml.rels
[DEBUG] 2024-10-20 17:47:12.339 [main] PackageRelationshipCollection - Parsing relationship: /xl/worksheets/_rels/sheet1.xml.rels
[DEBUG] 2024-10-20 17:47:12.339 [main] PackageRelationshipCollection - Parsing relationship: /_rels/.rels
[DEBUG] 2024-10-20 17:47:12.359 [main] PackageRelationshipCollection - Parsing relationship: /xl/_rels/workbook.xml.rels
[DEBUG] 2024-10-20 17:47:12.360 [main] PackageRelationshipCollection - Parsing relationship: /xl/worksheets/_rels/sheet1.xml.rels
[DEBUG] 2024-10-20 17:47:12.361 [main] PackageRelationshipCollection - Parsing relationship: /_rels/.rels
[DEBUG] 2024-10-20 17:47:12.380 [main] PackageRelationshipCollection - Parsing relationship: /xl/_rels/workbook.xml.rels
[DEBUG] 2024-10-20 17:47:12.381 [main] PackageRelationshipCollection - Parsing relationship: /xl/worksheets/_rels/sheet1.xml.rels
[DEBUG] 2024-10-20 17:47:12.382 [main] PackageRelationshipCollection - Parsing relationship: /_rels/.rels
[DEBUG] 2024-10-20 17:47:12.400 [main] PackageRelationshipCollection - Parsing relationship: /xl/_rels/workbook.xml.rels
[DEBUG] 2024-10-20 17:47:12.401 [main] PackageRelationshipCollection - Parsing relationship: /xl/worksheets/_rels/sheet1.xml.rels
[DEBUG] 2024-10-20 17:47:12.402 [main] PackageRelationshipCollection - Parsing relationship: /_rels/.rels
[DEBUG] 2024-10-20 17:47:12.426 [main] PackageRelationshipCollection - Parsing relationship: /xl/_rels/workbook.xml.rels
[DEBUG] 2024-10-20 17:47:12.426 [main] PackageRelationshipCollection - Parsing relationship: /xl/worksheets/_rels/sheet1.xml.rels
[DEBUG] 2024-10-20 17:47:12.427 [main] PackageRelationshipCollection - Parsing relationship: /_rels/.rels
[DEBUG] 2024-10-20 17:47:12.445 [main] PackageRelationshipCollection - Parsing relationship: /xl/_rels/workbook.xml.rels
[DEBUG] 2024-10-20 17:47:12.445 [main] PackageRelationshipCollection - Parsing relationship: /xl/worksheets/_rels/sheet1.xml.rels
[DEBUG] 2024-10-20 17:47:12.447 [main] PackageRelationshipCollection - Parsing relationship: /_rels/.rels
[DEBUG] 2024-10-20 17:47:12.461 [main] PackageRelationshipCollection - Parsing relationship: /xl/_rels/workbook.xml.rels
[DEBUG] 2024-10-20 17:47:12.462 [main] PackageRelationshipCollection - Parsing relationship: /xl/worksheets/_rels/sheet1.xml.rels
[DEBUG] 2024-10-20 17:47:12.463 [main] PackageRelationshipCollection - Parsing relationship: /_rels/.rels
[DEBUG] 2024-10-20 17:47:12.477 [main] PackageRelationshipCollection - Parsing relationship: /xl/_rels/workbook.xml.rels
[DEBUG] 2024-10-20 17:47:12.479 [main] PackageRelationshipCollection - Parsing relationship: /xl/worksheets/_rels/sheet1.xml.rels
[DEBUG] 2024-10-20 17:47:12.479 [main] PackageRelationshipCollection - Parsing relationship: /_rels/.rels
[DEBUG] 2024-10-20 17:47:12.494 [main] PackageRelationshipCollection - Parsing relationship: /xl/_rels/workbook.xml.rels
[DEBUG] 2024-10-20 17:47:12.495 [main] PackageRelationshipCollection - Parsing relationship: /xl/worksheets/_rels/sheet1.xml.rels
[DEBUG] 2024-10-20 17:47:12.496 [main] PackageRelationshipCollection - Parsing relationship: /_rels/.rels
[DEBUG] 2024-10-20 17:47:12.515 [main] PackageRelationshipCollection - Parsing relationship: /xl/_rels/workbook.xml.rels
[DEBUG] 2024-10-20 17:47:12.516 [main] PackageRelationshipCollection - Parsing relationship: /xl/worksheets/_rels/sheet1.xml.rels
[DEBUG] 2024-10-20 17:47:12.516 [main] PackageRelationshipCollection - Parsing relationship: /_rels/.rels
[DEBUG] 2024-10-20 17:47:12.543 [main] PackageRelationshipCollection - Parsing relationship: /xl/_rels/workbook.xml.rels
[DEBUG] 2024-10-20 17:47:12.544 [main] PackageRelationshipCollection - Parsing relationship: /xl/worksheets/_rels/sheet1.xml.rels
[DEBUG] 2024-10-20 17:47:12.545 [main] PackageRelationshipCollection - Parsing relationship: /_rels/.rels
[DEBUG] 2024-10-20 17:47:12.563 [main] PackageRelationshipCollection - Parsing relationship: /xl/_rels/workbook.xml.rels
[DEBUG] 2024-10-20 17:47:12.563 [main] PackageRelationshipCollection - Parsing relationship: /xl/worksheets/_rels/sheet1.xml.rels
[DEBUG] 2024-10-20 17:47:12.564 [main] PackageRelationshipCollection - Parsing relationship: /_rels/.rels
[DEBUG] 2024-10-20 17:47:12.582 [main] PackageRelationshipCollection - Parsing relationship: /xl/_rels/workbook.xml.rels
[DEBUG] 2024-10-20 17:47:12.583 [main] PackageRelationshipCollection - Parsing relationship: /xl/worksheets/_rels/sheet1.xml.rels
[DEBUG] 2024-10-20 17:47:12.584 [main] PackageRelationshipCollection - Parsing relationship: /_rels/.rels
[DEBUG] 2024-10-20 17:47:12.601 [main] PackageRelationshipCollection - Parsing relationship: /xl/_rels/workbook.xml.rels
[DEBUG] 2024-10-20 17:47:12.602 [main] PackageRelationshipCollection - Parsing relationship: /xl/worksheets/_rels/sheet1.xml.rels
[DEBUG] 2024-10-20 17:47:12.602 [main] PackageRelationshipCollection - Parsing relationship: /_rels/.rels
[DEBUG] 2024-10-20 17:47:12.619 [main] PackageRelationshipCollection - Parsing relationship: /xl/_rels/workbook.xml.rels
[DEBUG] 2024-10-20 17:47:12.620 [main] PackageRelationshipCollection - Parsing relationship: /xl/worksheets/_rels/sheet1.xml.rels
[DEBUG] 2024-10-20 17:47:12.621 [main] PackageRelationshipCollection - Parsing relationship: /_rels/.rels
[DEBUG] 2024-10-20 17:47:12.640 [main] PackageRelationshipCollection - Parsing relationship: /xl/_rels/workbook.xml.rels
[DEBUG] 2024-10-20 17:47:12.642 [main] PackageRelationshipCollection - Parsing relationship: /xl/worksheets/_rels/sheet1.xml.rels
[DEBUG] 2024-10-20 17:47:12.643 [main] PackageRelationshipCollection - Parsing relationship: /_rels/.rels
[DEBUG] 2024-10-20 17:47:12.661 [main] PackageRelationshipCollection - Parsing relationship: /xl/_rels/workbook.xml.rels
[DEBUG] 2024-10-20 17:47:12.663 [main] PackageRelationshipCollection - Parsing relationship: /xl/worksheets/_rels/sheet1.xml.rels
[DEBUG] 2024-10-20 17:47:12.663 [main] PackageRelationshipCollection - Parsing relationship: /_rels/.rels
[DEBUG] 2024-10-20 17:47:12.678 [main] PackageRelationshipCollection - Parsing relationship: /xl/_rels/workbook.xml.rels
[DEBUG] 2024-10-20 17:47:12.679 [main] PackageRelationshipCollection - Parsing relationship: /xl/worksheets/_rels/sheet1.xml.rels
[DEBUG] 2024-10-20 17:47:12.680 [main] PackageRelationshipCollection - Parsing relationship: /_rels/.rels
[DEBUG] 2024-10-20 17:47:12.695 [main] PackageRelationshipCollection - Parsing relationship: /xl/_rels/workbook.xml.rels
[DEBUG] 2024-10-20 17:47:12.696 [main] PackageRelationshipCollection - Parsing relationship: /xl/worksheets/_rels/sheet1.xml.rels
[DEBUG] 2024-10-20 17:47:12.696 [main] PackageRelationshipCollection - Parsing relationship: /_rels/.rels
[DEBUG] 2024-10-20 17:47:12.713 [main] PackageRelationshipCollection - Parsing relationship: /xl/_rels/workbook.xml.rels
[DEBUG] 2024-10-20 17:47:12.714 [main] PackageRelationshipCollection - Parsing relationship: /xl/worksheets/_rels/sheet1.xml.rels
[DEBUG] 2024-10-20 17:47:12.715 [main] PackageRelationshipCollection - Parsing relationship: /_rels/.rels
[DEBUG] 2024-10-20 17:47:12.734 [main] PackageRelationshipCollection - Parsing relationship: /xl/_rels/workbook.xml.rels
[DEBUG] 2024-10-20 17:47:12.734 [main] PackageRelationshipCollection - Parsing relationship: /xl/worksheets/_rels/sheet1.xml.rels
[DEBUG] 2024-10-20 17:47:12.735 [main] PackageRelationshipCollection - Parsing relationship: /_rels/.rels
[DEBUG] 2024-10-20 17:47:12.752 [main] PackageRelationshipCollection - Parsing relationship: /xl/_rels/workbook.xml.rels
[DEBUG] 2024-10-20 17:47:12.753 [main] PackageRelationshipCollection - Parsing relationship: /xl/worksheets/_rels/sheet1.xml.rels
[DEBUG] 2024-10-20 17:47:12.754 [main] PackageRelationshipCollection - Parsing relationship: /_rels/.rels
[DEBUG] 2024-10-20 17:47:12.770 [main] PackageRelationshipCollection - Parsing relationship: /xl/_rels/workbook.xml.rels
[DEBUG] 2024-10-20 17:47:12.772 [main] PackageRelationshipCollection - Parsing relationship: /xl/worksheets/_rels/sheet1.xml.rels
[DEBUG] 2024-10-20 17:47:12.772 [main] PackageRelationshipCollection - Parsing relationship: /_rels/.rels
[DEBUG] 2024-10-20 17:47:12.786 [main] PackageRelationshipCollection - Parsing relationship: /xl/_rels/workbook.xml.rels
[DEBUG] 2024-10-20 17:47:12.787 [main] PackageRelationshipCollection - Parsing relationship: /xl/worksheets/_rels/sheet1.xml.rels
[DEBUG] 2024-10-20 17:47:12.787 [main] PackageRelationshipCollection - Parsing relationship: /_rels/.rels
Name of test method started:testCreateUser
HTTP/1.1 200 OK
Date: Sun, 20 Oct 2024 12:16:36 GMT
Content-Type: application/json
Transfer-Encoding: chunked
Connection: keep-alive
Access-Control-Allow-Origin: *
Access-Control-Allow-Methods: GET, POST, DELETE, PUT
Access-Control-Allow-Headers: Content-Type, api_key, Authorization
Server: Jetty(9.2.9.v20150224)

{
    "code": 200,
    "type": "unknown",
    "message": "2020"
}
200
Name of test method sucessfully executed:testCreateUser
]]></system-out>
  </testcase>
  <testcase name="testCreateUser[2021, user2, Radha, Jain, b@gmail.com, test@2, 1234567897](2)" classname="api.testcases.UserTestTDD" time="0.996">
    <system-out><![CDATA[Name of test method started:testCreateUser
HTTP/1.1 200 OK
Date: Sun, 20 Oct 2024 12:16:37 GMT
Content-Type: application/json
Transfer-Encoding: chunked
Connection: keep-alive
Access-Control-Allow-Origin: *
Access-Control-Allow-Methods: GET, POST, DELETE, PUT
Access-Control-Allow-Headers: Content-Type, api_key, Authorization
Server: Jetty(9.2.9.v20150224)

{
    "code": 200,
    "type": "unknown",
    "message": "2021"
}
200
Name of test method sucessfully executed:testCreateUser
]]></system-out>
  </testcase>
  <testcase name="testCreateUser[2022, user3, Smita, Pathak, c@gmail.com, test@3, 1234567897](3)" classname="api.testcases.UserTestTDD" time="1.065">
    <system-out><![CDATA[Name of test method started:testCreateUser
HTTP/1.1 200 OK
Date: Sun, 20 Oct 2024 12:16:38 GMT
Content-Type: application/json
Transfer-Encoding: chunked
Connection: keep-alive
Access-Control-Allow-Origin: *
Access-Control-Allow-Methods: GET, POST, DELETE, PUT
Access-Control-Allow-Headers: Content-Type, api_key, Authorization
Server: Jetty(9.2.9.v20150224)

{
    "code": 200,
    "type": "unknown",
    "message": "2022"
}
200
Name of test method sucessfully executed:testCreateUser
]]></system-out>
  </testcase>
  <testcase name="testCreateUser[2024, user4, Renu, Shah, renu@gmail.com, test@4, 1234567897](4)" classname="api.testcases.UserTestTDD" time="1.019">
    <system-out><![CDATA[Name of test method started:testCreateUser
HTTP/1.1 200 OK
Date: Sun, 20 Oct 2024 12:16:39 GMT
Content-Type: application/json
Transfer-Encoding: chunked
Connection: keep-alive
Access-Control-Allow-Origin: *
Access-Control-Allow-Methods: GET, POST, DELETE, PUT
Access-Control-Allow-Headers: Content-Type, api_key, Authorization
Server: Jetty(9.2.9.v20150224)

{
    "code": 200,
    "type": "unknown",
    "message": "2024"
}
200
Name of test method sucessfully executed:testCreateUser
]]></system-out>
  </testcase>
  <testcase name="testGetUserData[user1](1)" classname="api.testcases.UserTestTDD" time="1.015">
    <system-out><![CDATA[[DEBUG] 2024-10-20 17:47:16.944 [main] PackageRelationshipCollection - Parsing relationship: /xl/_rels/workbook.xml.rels
[DEBUG] 2024-10-20 17:47:16.945 [main] PackageRelationshipCollection - Parsing relationship: /xl/worksheets/_rels/sheet1.xml.rels
[DEBUG] 2024-10-20 17:47:16.947 [main] PackageRelationshipCollection - Parsing relationship: /_rels/.rels
[DEBUG] 2024-10-20 17:47:16.965 [main] PackageRelationshipCollection - Parsing relationship: /xl/_rels/workbook.xml.rels
[DEBUG] 2024-10-20 17:47:16.966 [main] PackageRelationshipCollection - Parsing relationship: /xl/worksheets/_rels/sheet1.xml.rels
[DEBUG] 2024-10-20 17:47:16.968 [main] PackageRelationshipCollection - Parsing relationship: /_rels/.rels
[DEBUG] 2024-10-20 17:47:16.981 [main] PackageRelationshipCollection - Parsing relationship: /xl/_rels/workbook.xml.rels
[DEBUG] 2024-10-20 17:47:16.982 [main] PackageRelationshipCollection - Parsing relationship: /xl/worksheets/_rels/sheet1.xml.rels
[DEBUG] 2024-10-20 17:47:16.984 [main] PackageRelationshipCollection - Parsing relationship: /_rels/.rels
[DEBUG] 2024-10-20 17:47:16.995 [main] PackageRelationshipCollection - Parsing relationship: /xl/_rels/workbook.xml.rels
[DEBUG] 2024-10-20 17:47:16.995 [main] PackageRelationshipCollection - Parsing relationship: /xl/worksheets/_rels/sheet1.xml.rels
[DEBUG] 2024-10-20 17:47:16.996 [main] PackageRelationshipCollection - Parsing relationship: /_rels/.rels
[DEBUG] 2024-10-20 17:47:17.009 [main] PackageRelationshipCollection - Parsing relationship: /xl/_rels/workbook.xml.rels
[DEBUG] 2024-10-20 17:47:17.011 [main] PackageRelationshipCollection - Parsing relationship: /xl/worksheets/_rels/sheet1.xml.rels
[DEBUG] 2024-10-20 17:47:17.012 [main] PackageRelationshipCollection - Parsing relationship: /_rels/.rels
Name of test method started:testGetUserData
HTTP/1.1 200 OK
Date: Sun, 20 Oct 2024 12:16:40 GMT
Content-Type: application/json
Transfer-Encoding: chunked
Connection: keep-alive
Access-Control-Allow-Origin: *
Access-Control-Allow-Methods: GET, POST, DELETE, PUT
Access-Control-Allow-Headers: Content-Type, api_key, Authorization
Server: Jetty(9.2.9.v20150224)

{
    "id": 2020,
    "username": "user1",
    "firstName": "Rita",
    "lastName": "Gupta",
    "email": "a@gmail.com",
    "password": "test@1",
    "phone": "1234567897",
    "userStatus": 0
}
Name of test method sucessfully executed:testGetUserData
]]></system-out>
  </testcase>
  <testcase name="testGetUserData[user2](2)" classname="api.testcases.UserTestTDD" time="1.107">
    <system-out><![CDATA[Name of test method started:testGetUserData
HTTP/1.1 200 OK
Date: Sun, 20 Oct 2024 12:16:41 GMT
Content-Type: application/json
Transfer-Encoding: chunked
Connection: keep-alive
Access-Control-Allow-Origin: *
Access-Control-Allow-Methods: GET, POST, DELETE, PUT
Access-Control-Allow-Headers: Content-Type, api_key, Authorization
Server: Jetty(9.2.9.v20150224)

{
    "id": 2021,
    "username": "user2",
    "firstName": "Radha",
    "lastName": "Jain",
    "email": "b@gmail.com",
    "password": "test@2",
    "phone": "1234567897",
    "userStatus": 0
}
Name of test method sucessfully executed:testGetUserData
]]></system-out>
  </testcase>
  <testcase name="testGetUserData[user3](3)" classname="api.testcases.UserTestTDD" time="1.071">
    <system-out><![CDATA[Name of test method started:testGetUserData
HTTP/1.1 200 OK
Date: Sun, 20 Oct 2024 12:16:43 GMT
Content-Type: application/json
Transfer-Encoding: chunked
Connection: keep-alive
Access-Control-Allow-Origin: *
Access-Control-Allow-Methods: GET, POST, DELETE, PUT
Access-Control-Allow-Headers: Content-Type, api_key, Authorization
Server: Jetty(9.2.9.v20150224)

{
    "id": 2022,
    "username": "user3",
    "firstName": "Smita",
    "lastName": "Pathak",
    "email": "c@gmail.com",
    "password": "test@3",
    "phone": "1234567897",
    "userStatus": 0
}
Name of test method sucessfully executed:testGetUserData
]]></system-out>
  </testcase>
  <testcase name="testGetUserData[user4](4)" classname="api.testcases.UserTestTDD" time="1.114">
    <system-out><![CDATA[Name of test method started:testGetUserData
HTTP/1.1 200 OK
Date: Sun, 20 Oct 2024 12:16:44 GMT
Content-Type: application/json
Transfer-Encoding: chunked
Connection: keep-alive
Access-Control-Allow-Origin: *
Access-Control-Allow-Methods: GET, POST, DELETE, PUT
Access-Control-Allow-Headers: Content-Type, api_key, Authorization
Server: Jetty(9.2.9.v20150224)

{
    "id": 2024,
    "username": "user4",
    "firstName": "Renu",
    "lastName": "Shah",
    "email": "renu@gmail.com",
    "password": "test@4",
    "phone": "1234567897",
    "userStatus": 0
}
Name of test method sucessfully executed:testGetUserData
]]></system-out>
  </testcase>
  <testcase name="testDeleteUser[user1](1)" classname="api.testcases.UserTestTDD" time="1.098">
    <system-out><![CDATA[[DEBUG] 2024-10-20 17:47:21.338 [main] PackageRelationshipCollection - Parsing relationship: /xl/_rels/workbook.xml.rels
[DEBUG] 2024-10-20 17:47:21.339 [main] PackageRelationshipCollection - Parsing relationship: /xl/worksheets/_rels/sheet1.xml.rels
[DEBUG] 2024-10-20 17:47:21.340 [main] PackageRelationshipCollection - Parsing relationship: /_rels/.rels
[DEBUG] 2024-10-20 17:47:21.356 [main] PackageRelationshipCollection - Parsing relationship: /xl/_rels/workbook.xml.rels
[DEBUG] 2024-10-20 17:47:21.357 [main] PackageRelationshipCollection - Parsing relationship: /xl/worksheets/_rels/sheet1.xml.rels
[DEBUG] 2024-10-20 17:47:21.357 [main] PackageRelationshipCollection - Parsing relationship: /_rels/.rels
[DEBUG] 2024-10-20 17:47:21.368 [main] PackageRelationshipCollection - Parsing relationship: /xl/_rels/workbook.xml.rels
[DEBUG] 2024-10-20 17:47:21.369 [main] PackageRelationshipCollection - Parsing relationship: /xl/worksheets/_rels/sheet1.xml.rels
[DEBUG] 2024-10-20 17:47:21.370 [main] PackageRelationshipCollection - Parsing relationship: /_rels/.rels
[DEBUG] 2024-10-20 17:47:21.392 [main] PackageRelationshipCollection - Parsing relationship: /xl/_rels/workbook.xml.rels
[DEBUG] 2024-10-20 17:47:21.392 [main] PackageRelationshipCollection - Parsing relationship: /xl/worksheets/_rels/sheet1.xml.rels
[DEBUG] 2024-10-20 17:47:21.392 [main] PackageRelationshipCollection - Parsing relationship: /_rels/.rels
[DEBUG] 2024-10-20 17:47:21.404 [main] PackageRelationshipCollection - Parsing relationship: /xl/_rels/workbook.xml.rels
[DEBUG] 2024-10-20 17:47:21.404 [main] PackageRelationshipCollection - Parsing relationship: /xl/worksheets/_rels/sheet1.xml.rels
[DEBUG] 2024-10-20 17:47:21.405 [main] PackageRelationshipCollection - Parsing relationship: /_rels/.rels
Name of test method started:testDeleteUser
Delete User Data.
HTTP/1.1 200 OK
Date: Sun, 20 Oct 2024 12:16:45 GMT
Content-Type: application/json
Transfer-Encoding: chunked
Connection: keep-alive
Access-Control-Allow-Origin: *
Access-Control-Allow-Methods: GET, POST, DELETE, PUT
Access-Control-Allow-Headers: Content-Type, api_key, Authorization
Server: Jetty(9.2.9.v20150224)

{
    "code": 200,
    "type": "unknown",
    "message": "user1"
}
Name of test method sucessfully executed:testDeleteUser
]]></system-out>
  </testcase>
  <testcase name="testDeleteUser[user2](2)" classname="api.testcases.UserTestTDD" time="1.063">
    <system-out><![CDATA[Name of test method started:testDeleteUser
Delete User Data.
HTTP/1.1 200 OK
Date: Sun, 20 Oct 2024 12:16:46 GMT
Content-Type: application/json
Transfer-Encoding: chunked
Connection: keep-alive
Access-Control-Allow-Origin: *
Access-Control-Allow-Methods: GET, POST, DELETE, PUT
Access-Control-Allow-Headers: Content-Type, api_key, Authorization
Server: Jetty(9.2.9.v20150224)

{
    "code": 200,
    "type": "unknown",
    "message": "user2"
}
Name of test method sucessfully executed:testDeleteUser
]]></system-out>
  </testcase>
  <testcase name="testDeleteUser[user3](3)" classname="api.testcases.UserTestTDD" time="1.043">
    <system-out><![CDATA[Name of test method started:testDeleteUser
Delete User Data.
HTTP/1.1 200 OK
Date: Sun, 20 Oct 2024 12:16:47 GMT
Content-Type: application/json
Transfer-Encoding: chunked
Connection: keep-alive
Access-Control-Allow-Origin: *
Access-Control-Allow-Methods: GET, POST, DELETE, PUT
Access-Control-Allow-Headers: Content-Type, api_key, Authorization
Server: Jetty(9.2.9.v20150224)

{
    "code": 200,
    "type": "unknown",
    "message": "user3"
}
Name of test method sucessfully executed:testDeleteUser
]]></system-out>
  </testcase>
  <testcase name="testDeleteUser[user4](4)" classname="api.testcases.UserTestTDD" time="1.025">
    <system-out><![CDATA[Name of test method started:testDeleteUser
Delete User Data.
HTTP/1.1 200 OK
Date: Sun, 20 Oct 2024 12:16:48 GMT
Content-Type: application/json
Transfer-Encoding: chunked
Connection: keep-alive
Access-Control-Allow-Origin: *
Access-Control-Allow-Methods: GET, POST, DELETE, PUT
Access-Control-Allow-Headers: Content-Type, api_key, Authorization
Server: Jetty(9.2.9.v20150224)

{
    "code": 200,
    "type": "unknown",
    "message": "user4"
}
Name of test method sucessfully executed:testDeleteUser
]]></system-out>
  </testcase>
</testsuite>